<?xml version="1.0" encoding="UTF-8"?><TestSessionContainer xmlns="http://www.codecover.org/xml/testsession-container" Date="1512150305169" TestSessionContainerId="35243b8d-57a7-41b4-bc98-44f7f6248145" version="1.0">
<SrcFileList>
<SrcFile Content="package BlackJack;&#13;&#10;public class Card {&#13;&#10;&#13;&#10;&#9;public Card.SUITES c;&#13;&#10;&#9;public Card.NAMES v;&#13;&#10;&#13;&#10;&#9;public enum SUITES{ &#13;&#10;&#9;&#9;Spades(&quot;â™ &quot;), Hearts(&quot;â™¥&quot;), Clubs(&quot;â™¦&quot;), Diamonds(&quot;â™£&quot;);&#13;&#10;&#9;&#9;public final String symbol;&#13;&#10;&#9;&#9;private SUITES(String s){&#13;&#10;&#9;&#9;&#9;this.symbol=s;&#13;&#10;&#9;&#9;}&#13;&#10;&#9;}&#13;&#10;&#13;&#10;&#9;public enum NAMES {&#13;&#10;&#9;&#9;Ace(&quot;A&quot;, 11), King(&quot;K&quot;, 10), Queen(&quot;Q&quot;, 10), Knight(&quot;Kn&quot;, 10), ten(&quot;10&quot;, 10), nine(&quot;9&quot;, 9), eight(&quot;8&quot;, 8), seven(&quot;7&quot;, 7), six(&quot;6&quot;, 6), five(&quot;5&quot;, 5), four(&quot;4&quot;, 4), three(&quot;3&quot;, 3), two(&quot;2&quot;, 2);&#13;&#10;&#9;&#9;public final String face;&#13;&#10;&#9;&#9;public final int value;&#13;&#10;&#9;&#9;private NAMES(String f, int v){&#13;&#10;&#9;&#9;&#9;this.face=f;&#13;&#10;&#9;&#9;&#9;this.value=v;&#13;&#10;&#9;&#9;}&#13;&#10;&#9;}&#13;&#10;&#13;&#10;&#9;public Card(Card.NAMES cV, Card.SUITES cC) {&#13;&#10;&#9;&#9;if (cV==null||cC==null)&#13;&#10;&#9;&#9;&#9;throw new IllegalArgumentException();&#13;&#10;&#9;&#9;v=cV;&#13;&#10;&#9;&#9;c=cC;&#13;&#10;&#9;}&#13;&#10;&#13;&#10;&#9;public int getValue() {&#13;&#10;&#9;&#9;return v.value;&#13;&#10;&#9;}&#13;&#10;&#13;&#10;&#9;public String getFace() {&#13;&#10;&#9;&#9;return v.face+c.symbol;&#13;&#10;&#9;}&#13;&#10;&#9;public boolean equals(Card o){&#13;&#10;&#9;&#9;System.out.println(this.getFace()+&quot; &quot;+o.getFace());&#13;&#10;&#9;&#9;return this.getFace()==o.getFace();&#13;&#10;&#9;}&#13;&#10;}&#13;&#10;" Filename="Card.java" Intrnl_Id="1"/>
</SrcFileList>
<CritList>
<CritListEntry Name="org.codecover.model.utils.criteria.LoopCoverage" PluginName="org.codecover"/>
<CritListEntry Name="org.codecover.model.utils.criteria.QMOCoverage" PluginName="org.codecover"/>
<CritListEntry Name="org.codecover.model.utils.criteria.ConditionCoverage" PluginName="org.codecover"/>
<CritListEntry Name="org.codecover.model.utils.criteria.BranchCoverage" PluginName="org.codecover"/>
<CritListEntry Name="org.codecover.model.utils.criteria.SynchronizedStatementCoverage" PluginName="org.codecover"/>
<CritListEntry Name="org.codecover.model.utils.criteria.StatementCoverage" PluginName="org.codecover"/>
</CritList>
<BoolOpList>
<BoolOp Arity="2" Intrnl_Id="2" Name="conditional or (||)">
<BoolAssgnmntBoolMapList>
<MapEntry BoolAssgnmnt="00" Value="false"/>
<MapEntry BoolAssgnmnt="01" Value="true"/>
<MapEntry BoolAssgnmnt="12" Value="true"/>
</BoolAssgnmntBoolMapList>
</BoolOp>
</BoolOpList>
<HierarchyLvlTypeList>
<HierarchyLvlType EnglishName="enumeration" IntrnlName="enum" Intrnl_Id="3"/>
<HierarchyLvlType EnglishName="package" IntrnlName="package" Intrnl_Id="4"/>
<HierarchyLvlType EnglishName="method" IntrnlName="method" Intrnl_Id="5"/>
<HierarchyLvlType EnglishName="class" IntrnlName="class" Intrnl_Id="6"/>
<HierarchyLvlType EnglishName="default package" IntrnlName="default package" Intrnl_Id="7"/>
</HierarchyLvlTypeList>
<MASTRoot>
<HierarchyLvl HierarchyLvlId="654" HierarchyLvlTypeId="7" Intrnl_Id="8" Name="default package">
<Header/>
<LocList/>
<HierarchyLvl HierarchyLvlId="653" HierarchyLvlTypeId="4" Intrnl_Id="9" Name="BlackJack">
<Header/>
<LocList/>
<HierarchyLvl HierarchyLvlId="652" HierarchyLvlTypeId="6" Intrnl_Id="10" Name="Card">
<Header>
<Loc EndOffset="37" SrcFileId="1" StartOffset="20"/>
</Header>
<LocList>
<Loc EndOffset="93" SrcFileId="1" StartOffset="20"/>
<Loc EndOffset="270" SrcFileId="1" StartOffset="265"/>
<Loc EndOffset="1004" SrcFileId="1" StartOffset="618"/>
</LocList>
<HierarchyLvl HierarchyLvlId="645" HierarchyLvlTypeId="3" Intrnl_Id="11" Name="SUITES">
<Header>
<Loc EndOffset="111" SrcFileId="1" StartOffset="93"/>
</Header>
<LocList>
<Loc EndOffset="265" SrcFileId="1" StartOffset="93"/>
</LocList>
<HierarchyLvl HierarchyLvlId="644" HierarchyLvlTypeId="5" Intrnl_Id="12" Name="SUITES">
<Header>
<Loc EndOffset="236" SrcFileId="1" StartOffset="212"/>
</Header>
<LocList>
<Loc EndOffset="261" SrcFileId="1" StartOffset="212"/>
</LocList>
<StmntSeq Intrnl_Id="13">
<LocList>
<Loc EndOffset="256" SrcFileId="1" StartOffset="242"/>
</LocList>
<BasicStmnt CovItemId="S1" CovItemPrefix="BlackJack.Card.java" Intrnl_Id="14">
<LocList>
<Loc EndOffset="256" SrcFileId="1" StartOffset="242"/>
</LocList>
</BasicStmnt>
</StmntSeq>
</HierarchyLvl>
</HierarchyLvl>
<HierarchyLvl HierarchyLvlId="647" HierarchyLvlTypeId="3" Intrnl_Id="15" Name="NAMES">
<Header>
<Loc EndOffset="287" SrcFileId="1" StartOffset="270"/>
</Header>
<LocList>
<Loc EndOffset="618" SrcFileId="1" StartOffset="270"/>
</LocList>
<HierarchyLvl HierarchyLvlId="646" HierarchyLvlTypeId="5" Intrnl_Id="16" Name="NAMES">
<Header>
<Loc EndOffset="573" SrcFileId="1" StartOffset="543"/>
</Header>
<LocList>
<Loc EndOffset="614" SrcFileId="1" StartOffset="543"/>
</LocList>
<StmntSeq Intrnl_Id="17">
<LocList>
<Loc EndOffset="591" SrcFileId="1" StartOffset="579"/>
<Loc EndOffset="609" SrcFileId="1" StartOffset="596"/>
</LocList>
<BasicStmnt CovItemId="S2" CovItemPrefix="BlackJack.Card.java" Intrnl_Id="18">
<LocList>
<Loc EndOffset="591" SrcFileId="1" StartOffset="579"/>
</LocList>
</BasicStmnt>
<BasicStmnt CovItemId="S3" CovItemPrefix="BlackJack.Card.java" Intrnl_Id="19">
<LocList>
<Loc EndOffset="609" SrcFileId="1" StartOffset="596"/>
</LocList>
</BasicStmnt>
</StmntSeq>
</HierarchyLvl>
</HierarchyLvl>
<HierarchyLvl HierarchyLvlId="648" HierarchyLvlTypeId="5" Intrnl_Id="20" Name="Card">
<Header>
<Loc EndOffset="665" SrcFileId="1" StartOffset="623"/>
</Header>
<LocList>
<Loc EndOffset="758" SrcFileId="1" StartOffset="623"/>
</LocList>
<StmntSeq Intrnl_Id="21">
<LocList>
<Loc EndOffset="736" SrcFileId="1" StartOffset="671"/>
<Loc EndOffset="745" SrcFileId="1" StartOffset="740"/>
<Loc EndOffset="754" SrcFileId="1" StartOffset="749"/>
</LocList>
<CondStmnt CovItemId="S4" CovItemPrefix="BlackJack.Card.java" Intrnl_Id="22">
<Branch CovItemId="B1" CovItemPrefix="BlackJack.Card.java" Implct="false" Intrnl_Id="23">
<Cond/>
<LocList>
<Loc EndOffset="736" SrcFileId="1" StartOffset="699"/>
</LocList>
<StmntSeq Intrnl_Id="24">
<LocList>
<Loc EndOffset="736" SrcFileId="1" StartOffset="699"/>
</LocList>
<BasicStmnt CovItemId="S5" CovItemPrefix="BlackJack.Card.java" Intrnl_Id="25">
<LocList>
<Loc EndOffset="736" SrcFileId="1" StartOffset="699"/>
</LocList>
</BasicStmnt>
</StmntSeq>
</Branch>
<Branch CovItemId="B2" CovItemPrefix="BlackJack.Card.java" Implct="true" Intrnl_Id="26">
<Cond/>
<LocList/>
<StmntSeq Intrnl_Id="27">
<LocList/>
</StmntSeq>
</Branch>
<Keyword EndOffset="673" SrcFileId="1" StartOffset="671"/>
<LocList>
<Loc EndOffset="736" SrcFileId="1" StartOffset="671"/>
</LocList>
<RootTerm CovItemId="C1" CovItemPrefix="BlackJack.Card.java" Intrnl_Id="28">
<OpTerm BooleanOpId="2" Intrnl_Id="29">
<BasicBoolTerm Intrnl_Id="30">
<LocList>
<Loc EndOffset="683" SrcFileId="1" StartOffset="675"/>
</LocList>
</BasicBoolTerm>
<BasicBoolTerm Intrnl_Id="31">
<LocList>
<Loc EndOffset="693" SrcFileId="1" StartOffset="685"/>
</LocList>
</BasicBoolTerm>
<LocList>
<Loc EndOffset="685" SrcFileId="1" StartOffset="683"/>
</LocList>
</OpTerm>
</RootTerm>
</CondStmnt>
<BasicStmnt CovItemId="S6" CovItemPrefix="BlackJack.Card.java" Intrnl_Id="32">
<LocList>
<Loc EndOffset="745" SrcFileId="1" StartOffset="740"/>
</LocList>
</BasicStmnt>
<BasicStmnt CovItemId="S7" CovItemPrefix="BlackJack.Card.java" Intrnl_Id="33">
<LocList>
<Loc EndOffset="754" SrcFileId="1" StartOffset="749"/>
</LocList>
</BasicStmnt>
</StmntSeq>
</HierarchyLvl>
<HierarchyLvl HierarchyLvlId="649" HierarchyLvlTypeId="5" Intrnl_Id="34" Name="getValue">
<Header>
<Loc EndOffset="784" SrcFileId="1" StartOffset="763"/>
</Header>
<LocList>
<Loc EndOffset="809" SrcFileId="1" StartOffset="763"/>
</LocList>
<StmntSeq Intrnl_Id="35">
<LocList>
<Loc EndOffset="805" SrcFileId="1" StartOffset="790"/>
</LocList>
<BasicStmnt CovItemId="S8" CovItemPrefix="BlackJack.Card.java" Intrnl_Id="36">
<LocList>
<Loc EndOffset="805" SrcFileId="1" StartOffset="790"/>
</LocList>
</BasicStmnt>
</StmntSeq>
</HierarchyLvl>
<HierarchyLvl HierarchyLvlId="650" HierarchyLvlTypeId="5" Intrnl_Id="37" Name="getFace">
<Header>
<Loc EndOffset="837" SrcFileId="1" StartOffset="814"/>
</Header>
<LocList>
<Loc EndOffset="870" SrcFileId="1" StartOffset="814"/>
</LocList>
<StmntSeq Intrnl_Id="38">
<LocList>
<Loc EndOffset="866" SrcFileId="1" StartOffset="843"/>
</LocList>
<BasicStmnt CovItemId="S9" CovItemPrefix="BlackJack.Card.java" Intrnl_Id="39">
<LocList>
<Loc EndOffset="866" SrcFileId="1" StartOffset="843"/>
</LocList>
</BasicStmnt>
</StmntSeq>
</HierarchyLvl>
<HierarchyLvl HierarchyLvlId="651" HierarchyLvlTypeId="5" Intrnl_Id="40" Name="equals">
<Header>
<Loc EndOffset="902" SrcFileId="1" StartOffset="873"/>
</Header>
<LocList>
<Loc EndOffset="1001" SrcFileId="1" StartOffset="873"/>
</LocList>
<StmntSeq Intrnl_Id="41">
<LocList>
<Loc EndOffset="958" SrcFileId="1" StartOffset="907"/>
<Loc EndOffset="997" SrcFileId="1" StartOffset="962"/>
</LocList>
<BasicStmnt CovItemId="S10" CovItemPrefix="BlackJack.Card.java" Intrnl_Id="42">
<LocList>
<Loc EndOffset="958" SrcFileId="1" StartOffset="907"/>
</LocList>
</BasicStmnt>
<BasicStmnt CovItemId="S11" CovItemPrefix="BlackJack.Card.java" Intrnl_Id="43">
<LocList>
<Loc EndOffset="997" SrcFileId="1" StartOffset="962"/>
</LocList>
</BasicStmnt>
</StmntSeq>
</HierarchyLvl>
</HierarchyLvl>
</HierarchyLvl>
</HierarchyLvl>
</MASTRoot>
</TestSessionContainer>
