<?xml version="1.0" encoding="UTF-8"?><TestSessionContainer xmlns="http://www.codecover.org/xml/testsession-container" Date="1510868089269" TestSessionContainerId="26fbf782-e8d5-4240-999b-21d10c79d380" version="1.0">
<SrcFileList>
<SrcFile Content="package BlackJack;&#13;&#10;&#13;&#10;&#13;&#10;&#13;&#10;public class Card {&#13;&#10;&#13;&#10;&#9;private Card.color c;&#13;&#10;&#9;private Card.value v;&#13;&#10;&#13;&#10;&#9;&#9;public enum color{ &#13;&#10;&#9;&#9;&#9;Spades&#13;&#10;&#9;&#9;}&#13;&#10;&#13;&#10;&#9;&#13;&#10;&#13;&#10;&#9;public enum value {&#13;&#10;&#9;&#9;Ace&#13;&#10;&#13;&#10;&#9;}&#13;&#10;&#13;&#10;&#9;public Card(Card.value cV, Card.color cC) {&#13;&#10;&#13;&#10;&#9;&#9;&#13;&#10;&#9;&#9;v=cV;&#13;&#10;&#9;&#9;c=cC;&#13;&#10;&#9;}&#13;&#10;&#13;&#10;}&#13;&#10;" Filename="Card.java" Intrnl_Id="1"/>
</SrcFileList>
<CritList>
<CritListEntry Name="org.codecover.model.utils.criteria.LoopCoverage" PluginName="org.codecover"/>
<CritListEntry Name="org.codecover.model.utils.criteria.QMOCoverage" PluginName="org.codecover"/>
<CritListEntry Name="org.codecover.model.utils.criteria.ConditionCoverage" PluginName="org.codecover"/>
<CritListEntry Name="org.codecover.model.utils.criteria.BranchCoverage" PluginName="org.codecover"/>
<CritListEntry Name="org.codecover.model.utils.criteria.SynchronizedStatementCoverage" PluginName="org.codecover"/>
<CritListEntry Name="org.codecover.model.utils.criteria.StatementCoverage" PluginName="org.codecover"/>
</CritList>
<BoolOpList/>
<HierarchyLvlTypeList>
<HierarchyLvlType EnglishName="enumeration" IntrnlName="enum" Intrnl_Id="2"/>
<HierarchyLvlType EnglishName="package" IntrnlName="package" Intrnl_Id="3"/>
<HierarchyLvlType EnglishName="method" IntrnlName="method" Intrnl_Id="4"/>
<HierarchyLvlType EnglishName="class" IntrnlName="class" Intrnl_Id="5"/>
<HierarchyLvlType EnglishName="default package" IntrnlName="default package" Intrnl_Id="6"/>
</HierarchyLvlTypeList>
<MASTRoot>
<HierarchyLvl HierarchyLvlId="68" HierarchyLvlTypeId="6" Intrnl_Id="7" Name="default package">
<Header/>
<LocList/>
<HierarchyLvl HierarchyLvlId="67" HierarchyLvlTypeId="3" Intrnl_Id="8" Name="BlackJack">
<Header/>
<LocList/>
<HierarchyLvl HierarchyLvlId="66" HierarchyLvlTypeId="5" Intrnl_Id="9" Name="Card">
<Header>
<Loc EndOffset="43" SrcFileId="1" StartOffset="26"/>
</Header>
<LocList>
<Loc EndOffset="101" SrcFileId="1" StartOffset="26"/>
<Loc EndOffset="146" SrcFileId="1" StartOffset="136"/>
<Loc EndOffset="259" SrcFileId="1" StartOffset="178"/>
</LocList>
<HierarchyLvl HierarchyLvlId="63" HierarchyLvlTypeId="2" Intrnl_Id="10" Name="color">
<Header>
<Loc EndOffset="118" SrcFileId="1" StartOffset="101"/>
</Header>
<LocList>
<Loc EndOffset="136" SrcFileId="1" StartOffset="101"/>
</LocList>
</HierarchyLvl>
<HierarchyLvl HierarchyLvlId="64" HierarchyLvlTypeId="2" Intrnl_Id="11" Name="value">
<Header>
<Loc EndOffset="163" SrcFileId="1" StartOffset="146"/>
</Header>
<LocList>
<Loc EndOffset="178" SrcFileId="1" StartOffset="146"/>
</LocList>
</HierarchyLvl>
<HierarchyLvl HierarchyLvlId="65" HierarchyLvlTypeId="4" Intrnl_Id="12" Name="Card">
<Header>
<Loc EndOffset="224" SrcFileId="1" StartOffset="183"/>
</Header>
<LocList>
<Loc EndOffset="254" SrcFileId="1" StartOffset="183"/>
</LocList>
<StmntSeq Intrnl_Id="13">
<LocList>
<Loc EndOffset="241" SrcFileId="1" StartOffset="236"/>
<Loc EndOffset="250" SrcFileId="1" StartOffset="245"/>
</LocList>
<BasicStmnt CovItemId="S1" CovItemPrefix="BlackJack.Card.java" Intrnl_Id="14">
<LocList>
<Loc EndOffset="241" SrcFileId="1" StartOffset="236"/>
</LocList>
</BasicStmnt>
<BasicStmnt CovItemId="S2" CovItemPrefix="BlackJack.Card.java" Intrnl_Id="15">
<LocList>
<Loc EndOffset="250" SrcFileId="1" StartOffset="245"/>
</LocList>
</BasicStmnt>
</StmntSeq>
</HierarchyLvl>
</HierarchyLvl>
</HierarchyLvl>
</HierarchyLvl>
</MASTRoot>
</TestSessionContainer>
