<?xml version="1.0" encoding="UTF-8"?><TestSessionContainer xmlns="http://www.codecover.org/xml/testsession-container" Date="1512152005957" TestSessionContainerId="08013f5d-8575-4f80-9d26-cc9a5140e685" version="1.0">
<SrcFileList>
<SrcFile Content="package BlackJack;&#13;&#10;public class Card {&#13;&#10;&#13;&#10;&#9;public Card.SUITES c;&#13;&#10;&#9;public Card.NAMES v;&#13;&#10;&#13;&#10;&#9;public enum SUITES{ &#13;&#10;&#9;&#9;Spades(&quot;Spades&quot;), Hearts(&quot;Hearts&quot;), Clubs(&quot;Clubs&quot;), Diamonds(&quot;Diamonds&quot;);&#13;&#10;&#9;&#9;public final String symbol;&#13;&#10;&#9;&#9;private SUITES(String s){&#13;&#10;&#9;&#9;&#9;this.symbol=s;&#13;&#10;&#9;&#9;}&#13;&#10;&#9;}&#13;&#10;&#13;&#10;&#9;public enum NAMES {&#13;&#10;&#9;&#9;Ace(&quot;Ace&quot;, 11), King(&quot;King&quot;, 10), Queen(&quot;Queen&quot;, 10), Knight(&quot;Knight&quot;, 10), ten(&quot;10&quot;, 10), nine(&quot;9&quot;, 9), eight(&quot;8&quot;, 8), seven(&quot;7&quot;, 7), six(&quot;6&quot;, 6), five(&quot;5&quot;, 5), four(&quot;4&quot;, 4), three(&quot;3&quot;, 3), two(&quot;2&quot;, 2);&#13;&#10;&#9;&#9;public final String face;&#13;&#10;&#9;&#9;public final int value;&#13;&#10;&#9;&#9;private NAMES(String f, int v){&#13;&#10;&#9;&#9;&#9;this.face=f;&#13;&#10;&#9;&#9;&#9;this.value=v;&#13;&#10;&#9;&#9;}&#13;&#10;&#9;}&#13;&#10;&#13;&#10;&#9;public Card(Card.NAMES cV, Card.SUITES cC) {&#13;&#10;&#9;&#9;if (cV==null||cC==null)&#13;&#10;&#9;&#9;&#9;throw new IllegalArgumentException();&#13;&#10;&#9;&#9;v=cV;&#13;&#10;&#9;&#9;c=cC;&#13;&#10;&#9;}&#13;&#10;&#13;&#10;&#9;public int getValue() {&#13;&#10;&#9;&#9;return v.value;&#13;&#10;&#9;}&#13;&#10;&#13;&#10;&#9;public String getFace() {&#13;&#10;&#9;&#9;return v.face+c.symbol;&#13;&#10;&#9;}&#13;&#10;&#13;&#10;}&#13;&#10;" Filename="Card.java" Intrnl_Id="1"/>
</SrcFileList>
<CritList>
<CritListEntry Name="org.codecover.model.utils.criteria.LoopCoverage" PluginName="org.codecover"/>
<CritListEntry Name="org.codecover.model.utils.criteria.QMOCoverage" PluginName="org.codecover"/>
<CritListEntry Name="org.codecover.model.utils.criteria.ConditionCoverage" PluginName="org.codecover"/>
<CritListEntry Name="org.codecover.model.utils.criteria.BranchCoverage" PluginName="org.codecover"/>
<CritListEntry Name="org.codecover.model.utils.criteria.SynchronizedStatementCoverage" PluginName="org.codecover"/>
<CritListEntry Name="org.codecover.model.utils.criteria.StatementCoverage" PluginName="org.codecover"/>
</CritList>
<BoolOpList>
<BoolOp Arity="2" Intrnl_Id="2" Name="conditional or (||)">
<BoolAssgnmntBoolMapList>
<MapEntry BoolAssgnmnt="00" Value="false"/>
<MapEntry BoolAssgnmnt="01" Value="true"/>
<MapEntry BoolAssgnmnt="12" Value="true"/>
</BoolAssgnmntBoolMapList>
</BoolOp>
</BoolOpList>
<HierarchyLvlTypeList>
<HierarchyLvlType EnglishName="enumeration" IntrnlName="enum" Intrnl_Id="3"/>
<HierarchyLvlType EnglishName="package" IntrnlName="package" Intrnl_Id="4"/>
<HierarchyLvlType EnglishName="method" IntrnlName="method" Intrnl_Id="5"/>
<HierarchyLvlType EnglishName="class" IntrnlName="class" Intrnl_Id="6"/>
<HierarchyLvlType EnglishName="default package" IntrnlName="default package" Intrnl_Id="7"/>
</HierarchyLvlTypeList>
<MASTRoot>
<HierarchyLvl HierarchyLvlId="10" HierarchyLvlTypeId="7" Intrnl_Id="8" Name="default package">
<Header/>
<LocList/>
<HierarchyLvl HierarchyLvlId="9" HierarchyLvlTypeId="4" Intrnl_Id="9" Name="BlackJack">
<Header/>
<LocList/>
<HierarchyLvl HierarchyLvlId="8" HierarchyLvlTypeId="6" Intrnl_Id="10" Name="Card">
<Header>
<Loc EndOffset="37" SrcFileId="1" StartOffset="20"/>
</Header>
<LocList>
<Loc EndOffset="93" SrcFileId="1" StartOffset="20"/>
<Loc EndOffset="283" SrcFileId="1" StartOffset="278"/>
<Loc EndOffset="901" SrcFileId="1" StartOffset="644"/>
</LocList>
<HierarchyLvl HierarchyLvlId="2" HierarchyLvlTypeId="3" Intrnl_Id="11" Name="SUITES">
<Header>
<Loc EndOffset="111" SrcFileId="1" StartOffset="93"/>
</Header>
<LocList>
<Loc EndOffset="278" SrcFileId="1" StartOffset="93"/>
</LocList>
<HierarchyLvl HierarchyLvlId="1" HierarchyLvlTypeId="5" Intrnl_Id="12" Name="SUITES">
<Header>
<Loc EndOffset="249" SrcFileId="1" StartOffset="225"/>
</Header>
<LocList>
<Loc EndOffset="274" SrcFileId="1" StartOffset="225"/>
</LocList>
<StmntSeq Intrnl_Id="13">
<LocList>
<Loc EndOffset="269" SrcFileId="1" StartOffset="255"/>
</LocList>
<BasicStmnt CovItemId="S1" CovItemPrefix="BlackJack.Card.java" Intrnl_Id="14">
<LocList>
<Loc EndOffset="269" SrcFileId="1" StartOffset="255"/>
</LocList>
</BasicStmnt>
</StmntSeq>
</HierarchyLvl>
</HierarchyLvl>
<HierarchyLvl HierarchyLvlId="4" HierarchyLvlTypeId="3" Intrnl_Id="15" Name="NAMES">
<Header>
<Loc EndOffset="300" SrcFileId="1" StartOffset="283"/>
</Header>
<LocList>
<Loc EndOffset="644" SrcFileId="1" StartOffset="283"/>
</LocList>
<HierarchyLvl HierarchyLvlId="3" HierarchyLvlTypeId="5" Intrnl_Id="16" Name="NAMES">
<Header>
<Loc EndOffset="599" SrcFileId="1" StartOffset="569"/>
</Header>
<LocList>
<Loc EndOffset="640" SrcFileId="1" StartOffset="569"/>
</LocList>
<StmntSeq Intrnl_Id="17">
<LocList>
<Loc EndOffset="617" SrcFileId="1" StartOffset="605"/>
<Loc EndOffset="635" SrcFileId="1" StartOffset="622"/>
</LocList>
<BasicStmnt CovItemId="S2" CovItemPrefix="BlackJack.Card.java" Intrnl_Id="18">
<LocList>
<Loc EndOffset="617" SrcFileId="1" StartOffset="605"/>
</LocList>
</BasicStmnt>
<BasicStmnt CovItemId="S3" CovItemPrefix="BlackJack.Card.java" Intrnl_Id="19">
<LocList>
<Loc EndOffset="635" SrcFileId="1" StartOffset="622"/>
</LocList>
</BasicStmnt>
</StmntSeq>
</HierarchyLvl>
</HierarchyLvl>
<HierarchyLvl HierarchyLvlId="5" HierarchyLvlTypeId="5" Intrnl_Id="20" Name="Card">
<Header>
<Loc EndOffset="691" SrcFileId="1" StartOffset="649"/>
</Header>
<LocList>
<Loc EndOffset="784" SrcFileId="1" StartOffset="649"/>
</LocList>
<StmntSeq Intrnl_Id="21">
<LocList>
<Loc EndOffset="762" SrcFileId="1" StartOffset="697"/>
<Loc EndOffset="771" SrcFileId="1" StartOffset="766"/>
<Loc EndOffset="780" SrcFileId="1" StartOffset="775"/>
</LocList>
<CondStmnt CovItemId="S4" CovItemPrefix="BlackJack.Card.java" Intrnl_Id="22">
<Branch CovItemId="B1" CovItemPrefix="BlackJack.Card.java" Implct="false" Intrnl_Id="23">
<Cond/>
<LocList>
<Loc EndOffset="762" SrcFileId="1" StartOffset="725"/>
</LocList>
<StmntSeq Intrnl_Id="24">
<LocList>
<Loc EndOffset="762" SrcFileId="1" StartOffset="725"/>
</LocList>
<BasicStmnt CovItemId="S5" CovItemPrefix="BlackJack.Card.java" Intrnl_Id="25">
<LocList>
<Loc EndOffset="762" SrcFileId="1" StartOffset="725"/>
</LocList>
</BasicStmnt>
</StmntSeq>
</Branch>
<Branch CovItemId="B2" CovItemPrefix="BlackJack.Card.java" Implct="true" Intrnl_Id="26">
<Cond/>
<LocList/>
<StmntSeq Intrnl_Id="27">
<LocList/>
</StmntSeq>
</Branch>
<Keyword EndOffset="699" SrcFileId="1" StartOffset="697"/>
<LocList>
<Loc EndOffset="762" SrcFileId="1" StartOffset="697"/>
</LocList>
<RootTerm CovItemId="C1" CovItemPrefix="BlackJack.Card.java" Intrnl_Id="28">
<OpTerm BooleanOpId="2" Intrnl_Id="29">
<BasicBoolTerm Intrnl_Id="30">
<LocList>
<Loc EndOffset="709" SrcFileId="1" StartOffset="701"/>
</LocList>
</BasicBoolTerm>
<BasicBoolTerm Intrnl_Id="31">
<LocList>
<Loc EndOffset="719" SrcFileId="1" StartOffset="711"/>
</LocList>
</BasicBoolTerm>
<LocList>
<Loc EndOffset="711" SrcFileId="1" StartOffset="709"/>
</LocList>
</OpTerm>
</RootTerm>
</CondStmnt>
<BasicStmnt CovItemId="S6" CovItemPrefix="BlackJack.Card.java" Intrnl_Id="32">
<LocList>
<Loc EndOffset="771" SrcFileId="1" StartOffset="766"/>
</LocList>
</BasicStmnt>
<BasicStmnt CovItemId="S7" CovItemPrefix="BlackJack.Card.java" Intrnl_Id="33">
<LocList>
<Loc EndOffset="780" SrcFileId="1" StartOffset="775"/>
</LocList>
</BasicStmnt>
</StmntSeq>
</HierarchyLvl>
<HierarchyLvl HierarchyLvlId="6" HierarchyLvlTypeId="5" Intrnl_Id="34" Name="getValue">
<Header>
<Loc EndOffset="810" SrcFileId="1" StartOffset="789"/>
</Header>
<LocList>
<Loc EndOffset="835" SrcFileId="1" StartOffset="789"/>
</LocList>
<StmntSeq Intrnl_Id="35">
<LocList>
<Loc EndOffset="831" SrcFileId="1" StartOffset="816"/>
</LocList>
<BasicStmnt CovItemId="S8" CovItemPrefix="BlackJack.Card.java" Intrnl_Id="36">
<LocList>
<Loc EndOffset="831" SrcFileId="1" StartOffset="816"/>
</LocList>
</BasicStmnt>
</StmntSeq>
</HierarchyLvl>
<HierarchyLvl HierarchyLvlId="7" HierarchyLvlTypeId="5" Intrnl_Id="37" Name="getFace">
<Header>
<Loc EndOffset="863" SrcFileId="1" StartOffset="840"/>
</Header>
<LocList>
<Loc EndOffset="896" SrcFileId="1" StartOffset="840"/>
</LocList>
<StmntSeq Intrnl_Id="38">
<LocList>
<Loc EndOffset="892" SrcFileId="1" StartOffset="869"/>
</LocList>
<BasicStmnt CovItemId="S9" CovItemPrefix="BlackJack.Card.java" Intrnl_Id="39">
<LocList>
<Loc EndOffset="892" SrcFileId="1" StartOffset="869"/>
</LocList>
</BasicStmnt>
</StmntSeq>
</HierarchyLvl>
</HierarchyLvl>
</HierarchyLvl>
</HierarchyLvl>
</MASTRoot>
</TestSessionContainer>
