<?xml version="1.0" encoding="UTF-8"?><TestSessionContainer xmlns="http://www.codecover.org/xml/testsession-container" Date="1512142380359" TestSessionContainerId="94a5a2e7-5e79-460e-95a0-889891caa0b2" version="1.0">
<SrcFileList>
<SrcFile Content="package BlackJack;&#13;&#10;&#13;&#10;&#13;&#10;&#13;&#10;public class Card {&#13;&#10;&#13;&#10;&#9;public Card.SUITES c;&#13;&#10;&#9;public Card.NAMES v;&#13;&#10;&#13;&#10;&#9;public enum SUITES{ &#13;&#10;&#9;&#9;Spades, Hearts, Clubs, Diamonds&#13;&#10;&#9;}&#13;&#10;&#13;&#10;&#13;&#10;&#13;&#10;&#9;public enum NAMES {&#13;&#10;&#9;&#9;Ace, King, Queen, Knight, ten, nine, eight, seven, six, five, four, three, two&#13;&#10;&#9;}&#13;&#10;&#9;&#13;&#10;&#13;&#10;&#9;public Card(Card.NAMES cV, Card.SUITES cC) {&#13;&#10;&#9;&#9;if (cV==null||cC==null)&#13;&#10;&#9;&#9;&#9;throw new IllegalArgumentException();&#13;&#10;&#9;&#9;v=cV;&#13;&#10;&#9;&#9;c=cC;&#13;&#10;&#9;}&#13;&#10;&#13;&#10;}&#13;&#10;" Filename="Card.java" Intrnl_Id="1"/>
</SrcFileList>
<CritList>
<CritListEntry Name="org.codecover.model.utils.criteria.LoopCoverage" PluginName="org.codecover"/>
<CritListEntry Name="org.codecover.model.utils.criteria.QMOCoverage" PluginName="org.codecover"/>
<CritListEntry Name="org.codecover.model.utils.criteria.ConditionCoverage" PluginName="org.codecover"/>
<CritListEntry Name="org.codecover.model.utils.criteria.BranchCoverage" PluginName="org.codecover"/>
<CritListEntry Name="org.codecover.model.utils.criteria.SynchronizedStatementCoverage" PluginName="org.codecover"/>
<CritListEntry Name="org.codecover.model.utils.criteria.StatementCoverage" PluginName="org.codecover"/>
</CritList>
<BoolOpList>
<BoolOp Arity="2" Intrnl_Id="2" Name="conditional or (||)">
<BoolAssgnmntBoolMapList>
<MapEntry BoolAssgnmnt="00" Value="false"/>
<MapEntry BoolAssgnmnt="01" Value="true"/>
<MapEntry BoolAssgnmnt="12" Value="true"/>
</BoolAssgnmntBoolMapList>
</BoolOp>
</BoolOpList>
<HierarchyLvlTypeList>
<HierarchyLvlType EnglishName="enumeration" IntrnlName="enum" Intrnl_Id="3"/>
<HierarchyLvlType EnglishName="package" IntrnlName="package" Intrnl_Id="4"/>
<HierarchyLvlType EnglishName="method" IntrnlName="method" Intrnl_Id="5"/>
<HierarchyLvlType EnglishName="class" IntrnlName="class" Intrnl_Id="6"/>
<HierarchyLvlType EnglishName="default package" IntrnlName="default package" Intrnl_Id="7"/>
</HierarchyLvlTypeList>
<MASTRoot>
<HierarchyLvl HierarchyLvlId="138" HierarchyLvlTypeId="7" Intrnl_Id="8" Name="default package">
<Header/>
<LocList/>
<HierarchyLvl HierarchyLvlId="137" HierarchyLvlTypeId="4" Intrnl_Id="9" Name="BlackJack">
<Header/>
<LocList/>
<HierarchyLvl HierarchyLvlId="136" HierarchyLvlTypeId="6" Intrnl_Id="10" Name="Card">
<Header>
<Loc EndOffset="43" SrcFileId="1" StartOffset="26"/>
</Header>
<LocList>
<Loc EndOffset="99" SrcFileId="1" StartOffset="26"/>
<Loc EndOffset="167" SrcFileId="1" StartOffset="158"/>
<Loc EndOffset="420" SrcFileId="1" StartOffset="272"/>
</LocList>
<HierarchyLvl HierarchyLvlId="133" HierarchyLvlTypeId="3" Intrnl_Id="11" Name="SUITES">
<Header>
<Loc EndOffset="117" SrcFileId="1" StartOffset="99"/>
</Header>
<LocList>
<Loc EndOffset="158" SrcFileId="1" StartOffset="99"/>
</LocList>
</HierarchyLvl>
<HierarchyLvl HierarchyLvlId="134" HierarchyLvlTypeId="3" Intrnl_Id="12" Name="NAMES">
<Header>
<Loc EndOffset="184" SrcFileId="1" StartOffset="167"/>
</Header>
<LocList>
<Loc EndOffset="272" SrcFileId="1" StartOffset="167"/>
</LocList>
</HierarchyLvl>
<HierarchyLvl HierarchyLvlId="135" HierarchyLvlTypeId="5" Intrnl_Id="13" Name="Card">
<Header>
<Loc EndOffset="322" SrcFileId="1" StartOffset="280"/>
</Header>
<LocList>
<Loc EndOffset="415" SrcFileId="1" StartOffset="280"/>
</LocList>
<StmntSeq Intrnl_Id="14">
<LocList>
<Loc EndOffset="393" SrcFileId="1" StartOffset="328"/>
<Loc EndOffset="402" SrcFileId="1" StartOffset="397"/>
<Loc EndOffset="411" SrcFileId="1" StartOffset="406"/>
</LocList>
<CondStmnt CovItemId="S1" CovItemPrefix="BlackJack.Card.java" Intrnl_Id="15">
<Branch CovItemId="B1" CovItemPrefix="BlackJack.Card.java" Implct="false" Intrnl_Id="16">
<Cond/>
<LocList>
<Loc EndOffset="393" SrcFileId="1" StartOffset="356"/>
</LocList>
<StmntSeq Intrnl_Id="17">
<LocList>
<Loc EndOffset="393" SrcFileId="1" StartOffset="356"/>
</LocList>
<BasicStmnt CovItemId="S2" CovItemPrefix="BlackJack.Card.java" Intrnl_Id="18">
<LocList>
<Loc EndOffset="393" SrcFileId="1" StartOffset="356"/>
</LocList>
</BasicStmnt>
</StmntSeq>
</Branch>
<Branch CovItemId="B2" CovItemPrefix="BlackJack.Card.java" Implct="true" Intrnl_Id="19">
<Cond/>
<LocList/>
<StmntSeq Intrnl_Id="20">
<LocList/>
</StmntSeq>
</Branch>
<Keyword EndOffset="330" SrcFileId="1" StartOffset="328"/>
<LocList>
<Loc EndOffset="393" SrcFileId="1" StartOffset="328"/>
</LocList>
<RootTerm CovItemId="C1" CovItemPrefix="BlackJack.Card.java" Intrnl_Id="21">
<OpTerm BooleanOpId="2" Intrnl_Id="22">
<BasicBoolTerm Intrnl_Id="23">
<LocList>
<Loc EndOffset="340" SrcFileId="1" StartOffset="332"/>
</LocList>
</BasicBoolTerm>
<BasicBoolTerm Intrnl_Id="24">
<LocList>
<Loc EndOffset="350" SrcFileId="1" StartOffset="342"/>
</LocList>
</BasicBoolTerm>
<LocList>
<Loc EndOffset="342" SrcFileId="1" StartOffset="340"/>
</LocList>
</OpTerm>
</RootTerm>
</CondStmnt>
<BasicStmnt CovItemId="S3" CovItemPrefix="BlackJack.Card.java" Intrnl_Id="25">
<LocList>
<Loc EndOffset="402" SrcFileId="1" StartOffset="397"/>
</LocList>
</BasicStmnt>
<BasicStmnt CovItemId="S4" CovItemPrefix="BlackJack.Card.java" Intrnl_Id="26">
<LocList>
<Loc EndOffset="411" SrcFileId="1" StartOffset="406"/>
</LocList>
</BasicStmnt>
</StmntSeq>
</HierarchyLvl>
</HierarchyLvl>
</HierarchyLvl>
</HierarchyLvl>
</MASTRoot>
</TestSessionContainer>
