<?xml version="1.0" encoding="UTF-8"?><TestSessionContainer xmlns="http://www.codecover.org/xml/testsession-container" Date="1512150507838" TestSessionContainerId="ce2b6e49-9dfd-4855-9907-4dc49b9e6582" version="1.0">
<SrcFileList>
<SrcFile Content="package BlackJack;&#13;&#10;public class Card {&#13;&#10;&#13;&#10;&#9;public Card.SUITES c;&#13;&#10;&#9;public Card.NAMES v;&#13;&#10;&#13;&#10;&#9;public enum SUITES{ &#13;&#10;&#9;&#9;Spades(&quot;\u2660&quot;), Hearts(&quot;♥&quot;), Clubs(&quot;♦&quot;), Diamonds(&quot;♣&quot;);&#13;&#10;&#9;&#9;public final String symbol;&#13;&#10;&#9;&#9;private SUITES(String s){&#13;&#10;&#9;&#9;&#9;this.symbol=s;&#13;&#10;&#9;&#9;}&#13;&#10;&#9;}&#13;&#10;&#13;&#10;&#9;public enum NAMES {&#13;&#10;&#9;&#9;Ace(&quot;A&quot;, 11), King(&quot;K&quot;, 10), Queen(&quot;Q&quot;, 10), Knight(&quot;Kn&quot;, 10), ten(&quot;10&quot;, 10), nine(&quot;9&quot;, 9), eight(&quot;8&quot;, 8), seven(&quot;7&quot;, 7), six(&quot;6&quot;, 6), five(&quot;5&quot;, 5), four(&quot;4&quot;, 4), three(&quot;3&quot;, 3), two(&quot;2&quot;, 2);&#13;&#10;&#9;&#9;public final String face;&#13;&#10;&#9;&#9;public final int value;&#13;&#10;&#9;&#9;private NAMES(String f, int v){&#13;&#10;&#9;&#9;&#9;this.face=f;&#13;&#10;&#9;&#9;&#9;this.value=v;&#13;&#10;&#9;&#9;}&#13;&#10;&#9;}&#13;&#10;&#13;&#10;&#9;public Card(Card.NAMES cV, Card.SUITES cC) {&#13;&#10;&#9;&#9;if (cV==null||cC==null)&#13;&#10;&#9;&#9;&#9;throw new IllegalArgumentException();&#13;&#10;&#9;&#9;v=cV;&#13;&#10;&#9;&#9;c=cC;&#13;&#10;&#9;}&#13;&#10;&#13;&#10;&#9;public int getValue() {&#13;&#10;&#9;&#9;return v.value;&#13;&#10;&#9;}&#13;&#10;&#13;&#10;&#9;public String getFace() {&#13;&#10;&#9;&#9;return v.face+c.symbol;&#13;&#10;&#9;}&#13;&#10;&#9;public boolean equals(Card o){&#13;&#10;&#9;&#9;System.out.println(this.getFace()+&quot; &quot;+o.getFace());&#13;&#10;&#9;&#9;return this.getFace()==o.getFace();&#13;&#10;&#9;}&#13;&#10;}&#13;&#10;" Filename="Card.java" Intrnl_Id="1"/>
</SrcFileList>
<CritList>
<CritListEntry Name="org.codecover.model.utils.criteria.LoopCoverage" PluginName="org.codecover"/>
<CritListEntry Name="org.codecover.model.utils.criteria.QMOCoverage" PluginName="org.codecover"/>
<CritListEntry Name="org.codecover.model.utils.criteria.ConditionCoverage" PluginName="org.codecover"/>
<CritListEntry Name="org.codecover.model.utils.criteria.BranchCoverage" PluginName="org.codecover"/>
<CritListEntry Name="org.codecover.model.utils.criteria.SynchronizedStatementCoverage" PluginName="org.codecover"/>
<CritListEntry Name="org.codecover.model.utils.criteria.StatementCoverage" PluginName="org.codecover"/>
</CritList>
<BoolOpList>
<BoolOp Arity="2" Intrnl_Id="2" Name="conditional or (||)">
<BoolAssgnmntBoolMapList>
<MapEntry BoolAssgnmnt="00" Value="false"/>
<MapEntry BoolAssgnmnt="01" Value="true"/>
<MapEntry BoolAssgnmnt="12" Value="true"/>
</BoolAssgnmntBoolMapList>
</BoolOp>
</BoolOpList>
<HierarchyLvlTypeList>
<HierarchyLvlType EnglishName="enumeration" IntrnlName="enum" Intrnl_Id="3"/>
<HierarchyLvlType EnglishName="package" IntrnlName="package" Intrnl_Id="4"/>
<HierarchyLvlType EnglishName="method" IntrnlName="method" Intrnl_Id="5"/>
<HierarchyLvlType EnglishName="class" IntrnlName="class" Intrnl_Id="6"/>
<HierarchyLvlType EnglishName="default package" IntrnlName="default package" Intrnl_Id="7"/>
</HierarchyLvlTypeList>
<MASTRoot>
<HierarchyLvl HierarchyLvlId="753" HierarchyLvlTypeId="7" Intrnl_Id="8" Name="default package">
<Header/>
<LocList/>
<HierarchyLvl HierarchyLvlId="752" HierarchyLvlTypeId="4" Intrnl_Id="9" Name="BlackJack">
<Header/>
<LocList/>
<HierarchyLvl HierarchyLvlId="751" HierarchyLvlTypeId="6" Intrnl_Id="10" Name="Card">
<Header>
<Loc EndOffset="37" SrcFileId="1" StartOffset="20"/>
</Header>
<LocList>
<Loc EndOffset="93" SrcFileId="1" StartOffset="20"/>
<Loc EndOffset="267" SrcFileId="1" StartOffset="262"/>
<Loc EndOffset="1001" SrcFileId="1" StartOffset="615"/>
</LocList>
<HierarchyLvl HierarchyLvlId="744" HierarchyLvlTypeId="3" Intrnl_Id="11" Name="SUITES">
<Header>
<Loc EndOffset="111" SrcFileId="1" StartOffset="93"/>
</Header>
<LocList>
<Loc EndOffset="262" SrcFileId="1" StartOffset="93"/>
</LocList>
<HierarchyLvl HierarchyLvlId="743" HierarchyLvlTypeId="5" Intrnl_Id="12" Name="SUITES">
<Header>
<Loc EndOffset="233" SrcFileId="1" StartOffset="209"/>
</Header>
<LocList>
<Loc EndOffset="258" SrcFileId="1" StartOffset="209"/>
</LocList>
<StmntSeq Intrnl_Id="13">
<LocList>
<Loc EndOffset="253" SrcFileId="1" StartOffset="239"/>
</LocList>
<BasicStmnt CovItemId="S1" CovItemPrefix="BlackJack.Card.java" Intrnl_Id="14">
<LocList>
<Loc EndOffset="253" SrcFileId="1" StartOffset="239"/>
</LocList>
</BasicStmnt>
</StmntSeq>
</HierarchyLvl>
</HierarchyLvl>
<HierarchyLvl HierarchyLvlId="746" HierarchyLvlTypeId="3" Intrnl_Id="15" Name="NAMES">
<Header>
<Loc EndOffset="284" SrcFileId="1" StartOffset="267"/>
</Header>
<LocList>
<Loc EndOffset="615" SrcFileId="1" StartOffset="267"/>
</LocList>
<HierarchyLvl HierarchyLvlId="745" HierarchyLvlTypeId="5" Intrnl_Id="16" Name="NAMES">
<Header>
<Loc EndOffset="570" SrcFileId="1" StartOffset="540"/>
</Header>
<LocList>
<Loc EndOffset="611" SrcFileId="1" StartOffset="540"/>
</LocList>
<StmntSeq Intrnl_Id="17">
<LocList>
<Loc EndOffset="588" SrcFileId="1" StartOffset="576"/>
<Loc EndOffset="606" SrcFileId="1" StartOffset="593"/>
</LocList>
<BasicStmnt CovItemId="S2" CovItemPrefix="BlackJack.Card.java" Intrnl_Id="18">
<LocList>
<Loc EndOffset="588" SrcFileId="1" StartOffset="576"/>
</LocList>
</BasicStmnt>
<BasicStmnt CovItemId="S3" CovItemPrefix="BlackJack.Card.java" Intrnl_Id="19">
<LocList>
<Loc EndOffset="606" SrcFileId="1" StartOffset="593"/>
</LocList>
</BasicStmnt>
</StmntSeq>
</HierarchyLvl>
</HierarchyLvl>
<HierarchyLvl HierarchyLvlId="747" HierarchyLvlTypeId="5" Intrnl_Id="20" Name="Card">
<Header>
<Loc EndOffset="662" SrcFileId="1" StartOffset="620"/>
</Header>
<LocList>
<Loc EndOffset="755" SrcFileId="1" StartOffset="620"/>
</LocList>
<StmntSeq Intrnl_Id="21">
<LocList>
<Loc EndOffset="733" SrcFileId="1" StartOffset="668"/>
<Loc EndOffset="742" SrcFileId="1" StartOffset="737"/>
<Loc EndOffset="751" SrcFileId="1" StartOffset="746"/>
</LocList>
<CondStmnt CovItemId="S4" CovItemPrefix="BlackJack.Card.java" Intrnl_Id="22">
<Branch CovItemId="B1" CovItemPrefix="BlackJack.Card.java" Implct="false" Intrnl_Id="23">
<Cond/>
<LocList>
<Loc EndOffset="733" SrcFileId="1" StartOffset="696"/>
</LocList>
<StmntSeq Intrnl_Id="24">
<LocList>
<Loc EndOffset="733" SrcFileId="1" StartOffset="696"/>
</LocList>
<BasicStmnt CovItemId="S5" CovItemPrefix="BlackJack.Card.java" Intrnl_Id="25">
<LocList>
<Loc EndOffset="733" SrcFileId="1" StartOffset="696"/>
</LocList>
</BasicStmnt>
</StmntSeq>
</Branch>
<Branch CovItemId="B2" CovItemPrefix="BlackJack.Card.java" Implct="true" Intrnl_Id="26">
<Cond/>
<LocList/>
<StmntSeq Intrnl_Id="27">
<LocList/>
</StmntSeq>
</Branch>
<Keyword EndOffset="670" SrcFileId="1" StartOffset="668"/>
<LocList>
<Loc EndOffset="733" SrcFileId="1" StartOffset="668"/>
</LocList>
<RootTerm CovItemId="C1" CovItemPrefix="BlackJack.Card.java" Intrnl_Id="28">
<OpTerm BooleanOpId="2" Intrnl_Id="29">
<BasicBoolTerm Intrnl_Id="30">
<LocList>
<Loc EndOffset="680" SrcFileId="1" StartOffset="672"/>
</LocList>
</BasicBoolTerm>
<BasicBoolTerm Intrnl_Id="31">
<LocList>
<Loc EndOffset="690" SrcFileId="1" StartOffset="682"/>
</LocList>
</BasicBoolTerm>
<LocList>
<Loc EndOffset="682" SrcFileId="1" StartOffset="680"/>
</LocList>
</OpTerm>
</RootTerm>
</CondStmnt>
<BasicStmnt CovItemId="S6" CovItemPrefix="BlackJack.Card.java" Intrnl_Id="32">
<LocList>
<Loc EndOffset="742" SrcFileId="1" StartOffset="737"/>
</LocList>
</BasicStmnt>
<BasicStmnt CovItemId="S7" CovItemPrefix="BlackJack.Card.java" Intrnl_Id="33">
<LocList>
<Loc EndOffset="751" SrcFileId="1" StartOffset="746"/>
</LocList>
</BasicStmnt>
</StmntSeq>
</HierarchyLvl>
<HierarchyLvl HierarchyLvlId="748" HierarchyLvlTypeId="5" Intrnl_Id="34" Name="getValue">
<Header>
<Loc EndOffset="781" SrcFileId="1" StartOffset="760"/>
</Header>
<LocList>
<Loc EndOffset="806" SrcFileId="1" StartOffset="760"/>
</LocList>
<StmntSeq Intrnl_Id="35">
<LocList>
<Loc EndOffset="802" SrcFileId="1" StartOffset="787"/>
</LocList>
<BasicStmnt CovItemId="S8" CovItemPrefix="BlackJack.Card.java" Intrnl_Id="36">
<LocList>
<Loc EndOffset="802" SrcFileId="1" StartOffset="787"/>
</LocList>
</BasicStmnt>
</StmntSeq>
</HierarchyLvl>
<HierarchyLvl HierarchyLvlId="749" HierarchyLvlTypeId="5" Intrnl_Id="37" Name="getFace">
<Header>
<Loc EndOffset="834" SrcFileId="1" StartOffset="811"/>
</Header>
<LocList>
<Loc EndOffset="867" SrcFileId="1" StartOffset="811"/>
</LocList>
<StmntSeq Intrnl_Id="38">
<LocList>
<Loc EndOffset="863" SrcFileId="1" StartOffset="840"/>
</LocList>
<BasicStmnt CovItemId="S9" CovItemPrefix="BlackJack.Card.java" Intrnl_Id="39">
<LocList>
<Loc EndOffset="863" SrcFileId="1" StartOffset="840"/>
</LocList>
</BasicStmnt>
</StmntSeq>
</HierarchyLvl>
<HierarchyLvl HierarchyLvlId="750" HierarchyLvlTypeId="5" Intrnl_Id="40" Name="equals">
<Header>
<Loc EndOffset="899" SrcFileId="1" StartOffset="870"/>
</Header>
<LocList>
<Loc EndOffset="998" SrcFileId="1" StartOffset="870"/>
</LocList>
<StmntSeq Intrnl_Id="41">
<LocList>
<Loc EndOffset="955" SrcFileId="1" StartOffset="904"/>
<Loc EndOffset="994" SrcFileId="1" StartOffset="959"/>
</LocList>
<BasicStmnt CovItemId="S10" CovItemPrefix="BlackJack.Card.java" Intrnl_Id="42">
<LocList>
<Loc EndOffset="955" SrcFileId="1" StartOffset="904"/>
</LocList>
</BasicStmnt>
<BasicStmnt CovItemId="S11" CovItemPrefix="BlackJack.Card.java" Intrnl_Id="43">
<LocList>
<Loc EndOffset="994" SrcFileId="1" StartOffset="959"/>
</LocList>
</BasicStmnt>
</StmntSeq>
</HierarchyLvl>
</HierarchyLvl>
</HierarchyLvl>
</HierarchyLvl>
</MASTRoot>
</TestSessionContainer>
